<?xml version="1.0" encoding="UTF-8"?>
<!-- Generated by org.testng.reporters.JUnitReportReporter -->
<testsuite skipped="0" hostname="IN00302" name="testcases.Login_Module" tests="1" failures="0" timestamp="18 Feb 2019 14:12:19 GMT" time="11.720" errors="0">
  <testcase name="Login_Module_001" time="11.720" classname="testcases.Login_Module"/>
</testsuite> <!-- testcases.Login_Module -->
