<?xml version="1.0" encoding="UTF-8"?>
<!-- Generated by org.testng.reporters.JUnitReportReporter -->
<testsuite skipped="0" hostname="IN00302" name="helper.Launcher" tests="1" failures="0" timestamp="18 Feb 2019 13:00:59 GMT" time="30.864" errors="0">
  <testcase name="launchAutomation" time="30.864" classname="helper.Launcher"/>
</testsuite> <!-- helper.Launcher -->
